{"uid":"7b13dfc135bcad57","name":"Hootel Login","fullName":"test.test_hootel.TestHootel#test_login","historyId":"156c9074553ebcffa6837bc0c8b2b4c4","time":{"start":1705250381156,"stop":1705250386359,"duration":5203},"description":"A belépés tesztelése","descriptionHtml":"<p>A belépés tesztelése</p>\n","status":"broken","statusMessage":"selenium.common.exceptions.TimeoutException: Message:","statusTrace":"self = <test_hootel.TestHootel object at 0x7f5f250b3bd0>\nemail = 'hiwasi1765@wisnick.com', password = 'tesztelek2021'\n\n    @pytest.mark.parametrize(\"email, password\", [('hiwasi1765@wisnick.com', 'tesztelek2021'), ('adi.farkas@gmail.com', 'Macska999')])\n    @allure.title(\"Hootel Login\")\n    @allure.description(\"A belépés tesztelése\")\n    @allure.severity(allure.severity_level.TRIVIAL)\n    @allure.tag(\"login\")\n    def test_login(self, email, password):\n        #menu_toggle = WebDriverWait(self.browser, 5).until(EC.element_to_be_clickable((By.XPATH, '//button[@class=\"navbar-toggler collapsed\"]')))\n        #menu_toggle.click()\n>       login_btn = WebDriverWait(self.browser, 5).until(EC.element_to_be_clickable((By.XPATH, '//a[@class=\"nav-link\"]')))\n\ntest/test_hootel.py:32: \n_ _ _ _ _ _ _ _ _ _ _ _ _ _ _ _ _ _ _ _ _ _ _ _ _ _ _ _ _ _ _ _ _ _ _ _ _ _ _ _ \n\nself = <selenium.webdriver.support.wait.WebDriverWait (session=\"41b1f2d7e564ff84922ed77e2d224e3b\")>\nmethod = <function element_to_be_clickable.<locals>._predicate at 0x7f5f24567ce0>\nmessage = ''\n\n    def until(self, method: Callable[[D], Union[Literal[False], T]], message: str = \"\") -> T:\n        \"\"\"Calls the method provided with the driver as an argument until the \\\n        return value does not evaluate to ``False``.\n    \n        :param method: callable(WebDriver)\n        :param message: optional message for :exc:`TimeoutException`\n        :returns: the result of the last call to `method`\n        :raises: :exc:`selenium.common.exceptions.TimeoutException` if timeout occurs\n        \"\"\"\n        screen = None\n        stacktrace = None\n    \n        end_time = time.monotonic() + self._timeout\n        while True:\n            try:\n                value = method(self._driver)\n                if value:\n                    return value\n            except self._ignored_exceptions as exc:\n                screen = getattr(exc, \"screen\", None)\n                stacktrace = getattr(exc, \"stacktrace\", None)\n            time.sleep(self._poll)\n            if time.monotonic() > end_time:\n                break\n>       raise TimeoutException(message, screen, stacktrace)\nE       selenium.common.exceptions.TimeoutException: Message:\n\n/opt/hostedtoolcache/Python/3.11.7/x64/lib/python3.11/site-packages/selenium/webdriver/support/wait.py:105: TimeoutException","flaky":false,"newFailed":false,"newBroken":false,"newPassed":false,"retriesCount":0,"retriesStatusChange":false,"beforeStages":[{"name":"_xunit_setup_method_fixture_TestHootel","time":{"start":1705250366287,"stop":1705250381155,"duration":14868},"status":"passed","steps":[],"attachments":[],"parameters":[],"shouldDisplayMessage":false,"stepsCount":0,"attachmentsCount":0,"hasContent":false,"attachmentStep":false}],"afterStages":[{"name":"_xunit_setup_method_fixture_TestHootel::0","time":{"start":1705250386384,"stop":1705250386440,"duration":56},"status":"passed","steps":[],"attachments":[],"parameters":[],"shouldDisplayMessage":false,"stepsCount":0,"attachmentsCount":0,"hasContent":false,"attachmentStep":false}],"labels":[{"name":"severity","value":"trivial"},{"name":"tag","value":"login"},{"name":"parentSuite","value":"test"},{"name":"suite","value":"test_hootel"},{"name":"subSuite","value":"TestHootel"},{"name":"host","value":"fv-az1016-333"},{"name":"thread","value":"2241-MainThread"},{"name":"framework","value":"pytest"},{"name":"language","value":"cpython3"},{"name":"package","value":"test.test_hootel"},{"name":"resultFormat","value":"allure2"}],"parameters":[{"name":"email","value":"'hiwasi1765@wisnick.com'"},{"name":"password","value":"'tesztelek2021'"}],"links":[],"hidden":false,"retry":false,"extra":{"severity":"trivial","retries":[],"categories":[{"name":"Test defects","matchedStatuses":[],"flaky":false}],"tags":["login"]},"source":"7b13dfc135bcad57.json","parameterValues":["'hiwasi1765@wisnick.com'","'tesztelek2021'"]}